hafele/build/outputs/logs/manifest-merger-debug-report.txt
-- Merging decision tree log ---
manifest
ADDED from src\main\AndroidManifest.xml:2:1-128:12
INJECTED from src\main\AndroidManifest.xml:2:1-128:12
INJECTED from src\main\AndroidManifest.xml:2:1-128:12
INJECTED from src\main\AndroidManifest.xml:2:1-128:12
MERGED from [:ffmpeg4android_os] AndroidManifest.xml:2:1-53:12
MERGED from [com.android.support:support-v4:20.0.0] AndroidManifest.xml:15:1-18:12
MERGED from [com.android.support:multidex:1.0.2] AndroidManifest.xml:17:1-22:12
INJECTED from src\main\AndroidManifest.xml:2:1-128:12
INJECTED from src\main\AndroidManifest.xml:2:1-128:12
INJECTED from src\main\AndroidManifest.xml:2:1-128:12
	package
		ADDED from src\main\AndroidManifest.xml:3:5-44
		INJECTED from src\main\AndroidManifest.xml
		INJECTED from src\main\AndroidManifest.xml
	android:versionName
		ADDED from src\main\AndroidManifest.xml:6:5-51
		INJECTED from src\main\AndroidManifest.xml
		INJECTED from src\main\AndroidManifest.xml
	xmlns:android
		ADDED from src\main\AndroidManifest.xml:2:11-69
	android:versionCode
		ADDED from src\main\AndroidManifest.xml:5:5-29
		INJECTED from src\main\AndroidManifest.xml
		INJECTED from src\main\AndroidManifest.xml
	android:installLocation
		ADDED from src\main\AndroidManifest.xml:4:5-35
uses-sdk
ADDED from src\main\AndroidManifest.xml:8:5-10:41
INJECTED from src\main\AndroidManifest.xml:8:5-10:41
INJECTED from src\main\AndroidManifest.xml:8:5-10:41
MERGED from [:ffmpeg4android_os] AndroidManifest.xml:7:5-9:41
MERGED from [:ffmpeg4android_os] AndroidManifest.xml:7:5-9:41
MERGED from [com.android.support:support-v4:20.0.0] AndroidManifest.xml:16:5-42
MERGED from [com.android.support:support-v4:20.0.0] AndroidManifest.xml:16:5-42
MERGED from [com.android.support:multidex:1.0.2] AndroidManifest.xml:20:5-43
MERGED from [com.android.support:multidex:1.0.2] AndroidManifest.xml:20:5-43
INJECTED from src\main\AndroidManifest.xml:8:5-10:41
INJECTED from src\main\AndroidManifest.xml:8:5-10:41
	android:targetSdkVersion
		ADDED from src\main\AndroidManifest.xml:10:9-38
		INJECTED from src\main\AndroidManifest.xml
		INJECTED from src\main\AndroidManifest.xml
	android:minSdkVersion
		ADDED from src\main\AndroidManifest.xml:9:9-35
		INJECTED from src\main\AndroidManifest.xml
		INJECTED from src\main\AndroidManifest.xml
uses-permission#android.permission.WRITE_EXTERNAL_STORAGE
ADDED from src\main\AndroidManifest.xml:12:5-81
MERGED from [:ffmpeg4android_os] AndroidManifest.xml:11:5-81
MERGED from [:ffmpeg4android_os] AndroidManifest.xml:11:5-81
	android:name
		ADDED from src\main\AndroidManifest.xml:12:22-78
uses-permission#android.permission.CAMERA
ADDED from src\main\AndroidManifest.xml:13:5-65
	android:name
		ADDED from src\main\AndroidManifest.xml:13:22-62
uses-permission#android.permission.INTERNET
ADDED from src\main\AndroidManifest.xml:14:5-67
	android:name
		ADDED from src\main\AndroidManifest.xml:14:22-64
uses-permission#android.permission.ACCESS_NETWORK_STATE
ADDED from src\main\AndroidManifest.xml:16:5-79
	android:name
		ADDED from src\main\AndroidManifest.xml:16:22-76
uses-permission#android.permission.CALL_PHONE
ADDED from src\main\AndroidManifest.xml:17:5-69
	android:name
		ADDED from src\main\AndroidManifest.xml:17:22-66
uses-permission#android.permission.WAKE_LOCK
ADDED from src\main\AndroidManifest.xml:18:5-68
MERGED from [:ffmpeg4android_os] AndroidManifest.xml:12:5-68
MERGED from [:ffmpeg4android_os] AndroidManifest.xml:12:5-68
	android:name
		ADDED from src\main\AndroidManifest.xml:18:22-65
uses-permission#android.permission.READ_EXTERNAL_STORAGE
ADDED from src\main\AndroidManifest.xml:19:5-80
	android:name
		ADDED from src\main\AndroidManifest.xml:19:22-77
uses-permission#android.permission.READ_PHONE_STATE
ADDED from src\main\AndroidManifest.xml:21:5-75
	android:name
		ADDED from src\main\AndroidManifest.xml:21:22-72
uses-feature#android.hardware.camera
ADDED from src\main\AndroidManifest.xml:24:5-60
	android:name
		ADDED from src\main\AndroidManifest.xml:24:19-57
uses-feature#android.hardware.camera.autofocus
ADDED from src\main\AndroidManifest.xml:25:5-70
	android:name
		ADDED from src\main\AndroidManifest.xml:25:19-67
uses-permission#android.permission.RECORD_AUDIO
ADDED from src\main\AndroidManifest.xml:27:5-71
	android:name
		ADDED from src\main\AndroidManifest.xml:27:22-68
uses-permission#android.permission.RECORD_VIDEO
ADDED from src\main\AndroidManifest.xml:28:5-71
	android:name
		ADDED from src\main\AndroidManifest.xml:28:22-68
uses-permission#android.permission.INSTALL_PACKAGES
ADDED from src\main\AndroidManifest.xml:29:5-75
	android:name
		ADDED from src\main\AndroidManifest.xml:29:22-72
application
ADDED from src\main\AndroidManifest.xml:31:5-126:19
MERGED from [:ffmpeg4android_os] AndroidManifest.xml:14:5-51:19
MERGED from [:ffmpeg4android_os] AndroidManifest.xml:14:5-51:19
MERGED from [com.android.support:support-v4:20.0.0] AndroidManifest.xml:17:5-19
MERGED from [com.android.support:support-v4:20.0.0] AndroidManifest.xml:17:5-19
	android:label
		ADDED from src\main\AndroidManifest.xml:35:9-41
	android:largeHeap
		ADDED from src\main\AndroidManifest.xml:36:9-33
	android:icon
		ADDED from src\main\AndroidManifest.xml:34:9-38
	android:allowBackup
		ADDED from src\main\AndroidManifest.xml:33:9-35
	android:theme
		ADDED from src\main\AndroidManifest.xml:37:9-40
	android:name
		ADDED from src\main\AndroidManifest.xml:32:9-68
activity#com.sudesi.hafele.faultreport.MainLauncherActivity
ADDED from src\main\AndroidManifest.xml:38:9-47:20
	android:label
		ADDED from src\main\AndroidManifest.xml:40:13-45
	android:windowSoftInputMode
		ADDED from src\main\AndroidManifest.xml:41:13-54
	android:name
		ADDED from src\main\AndroidManifest.xml:39:13-78
intent-filter#android.intent.action.MAIN+android.intent.category.LAUNCHER
ADDED from src\main\AndroidManifest.xml:42:13-46:29
action#android.intent.action.MAIN
ADDED from src\main\AndroidManifest.xml:43:17-69
	android:name
		ADDED from src\main\AndroidManifest.xml:43:25-66
category#android.intent.category.LAUNCHER
ADDED from src\main\AndroidManifest.xml:45:17-77
	android:name
		ADDED from src\main\AndroidManifest.xml:45:27-74
activity#com.sudesi.hafele.faultreport.SiteVisitForm
ADDED from src\main\AndroidManifest.xml:48:9-52:66
	android:screenOrientation
		ADDED from src\main\AndroidManifest.xml:51:13-49
	android:label
		ADDED from src\main\AndroidManifest.xml:50:13-45
	android:windowSoftInputMode
		ADDED from src\main\AndroidManifest.xml:52:13-54
	android:name
		ADDED from src\main\AndroidManifest.xml:49:13-71
activity#com.sudesi.hafele.faultreport.FaultReportForm
ADDED from src\main\AndroidManifest.xml:53:9-57:66
	android:screenOrientation
		ADDED from src\main\AndroidManifest.xml:56:13-49
	android:label
		ADDED from src\main\AndroidManifest.xml:55:13-45
	android:windowSoftInputMode
		ADDED from src\main\AndroidManifest.xml:57:13-54
	android:name
		ADDED from src\main\AndroidManifest.xml:54:13-73
activity#com.sudesi.hafele.faultreport.ComplaintsList
ADDED from src\main\AndroidManifest.xml:58:9-62:66
	android:screenOrientation
		ADDED from src\main\AndroidManifest.xml:61:13-49
	android:label
		ADDED from src\main\AndroidManifest.xml:60:13-45
	android:windowSoftInputMode
		ADDED from src\main\AndroidManifest.xml:62:13-54
	android:name
		ADDED from src\main\AndroidManifest.xml:59:13-72
activity#com.sudesi.hafele.faultreport.DashBoardActivity
ADDED from src\main\AndroidManifest.xml:63:9-67:66
	android:screenOrientation
		ADDED from src\main\AndroidManifest.xml:66:13-49
	android:label
		ADDED from src\main\AndroidManifest.xml:65:13-45
	android:windowSoftInputMode
		ADDED from src\main\AndroidManifest.xml:67:13-54
	android:name
		ADDED from src\main\AndroidManifest.xml:64:13-75
activity#com.sudesi.hafele.faultreport.HomeScreenActivity
ADDED from src\main\AndroidManifest.xml:68:9-71:61
	android:screenOrientation
		ADDED from src\main\AndroidManifest.xml:71:13-49
	android:label
		ADDED from src\main\AndroidManifest.xml:70:13-45
	android:name
		ADDED from src\main\AndroidManifest.xml:69:13-76
activity#com.sudesi.hafele.faultreport.ReportsView
ADDED from src\main\AndroidManifest.xml:72:9-76:66
	android:screenOrientation
		ADDED from src\main\AndroidManifest.xml:75:13-49
	android:label
		ADDED from src\main\AndroidManifest.xml:74:13-45
	android:windowSoftInputMode
		ADDED from src\main\AndroidManifest.xml:76:13-54
	android:name
		ADDED from src\main\AndroidManifest.xml:73:13-69
receiver#com.sudesi.hafele.faultreport.DeleteFileBroadcastReceiver
ADDED from src\main\AndroidManifest.xml:90:9-103
	android:name
		ADDED from src\main\AndroidManifest.xml:90:19-91
service#com.netcompss.ffmpeg4android.FFMpegRemoteServiceBridge
ADDED from src\main\AndroidManifest.xml:112:9-119:19
MERGED from [:ffmpeg4android_os] AndroidManifest.xml:43:9-50:19
MERGED from [:ffmpeg4android_os] AndroidManifest.xml:43:9-50:19
	android:process
		ADDED from src\main\AndroidManifest.xml:115:13-38
	android:exported
		ADDED from src\main\AndroidManifest.xml:114:13-36
	android:name
		ADDED from src\main\AndroidManifest.xml:113:13-82
intent-filter#com.netcompss.ffmpeg4android.FFMpegRemoteServiceBridge
ADDED from src\main\AndroidManifest.xml:116:13-118:29
action#com.netcompss.ffmpeg4android.FFMpegRemoteServiceBridge
ADDED from src\main\AndroidManifest.xml:117:17-104
	android:name
		ADDED from src\main\AndroidManifest.xml:117:25-94
service#com.sudesi.hafele.broadcastReceiver.BackgroundServiceUploadData
ADDED from src\main\AndroidManifest.xml:122:9-107
	android:name
		ADDED from src\main\AndroidManifest.xml:122:18-96
receiver#com.sudesi.hafele.broadcastReceiver.UploadDataBrodcastReceiver
ADDED from src\main\AndroidManifest.xml:124:9-108
	android:name
		ADDED from src\main\AndroidManifest.xml:124:19-96
activity#com.netcompss.ffmpeg4android.MainAct
ADDED from [:ffmpeg4android_os] AndroidManifest.xml:17:9-27:20
	android:label
		ADDED from [:ffmpeg4android_os] AndroidManifest.xml:19:13-45
	android:name
		ADDED from [:ffmpeg4android_os] AndroidManifest.xml:18:13-64
activity#com.example.DemoClient
ADDED from [:ffmpeg4android_os] AndroidManifest.xml:28:9-36:20
	android:label
		ADDED from [:ffmpeg4android_os] AndroidManifest.xml:31:13-45
	android:windowSoftInputMode
		ADDED from [:ffmpeg4android_os] AndroidManifest.xml:32:13-54
	android:configChanges
		ADDED from [:ffmpeg4android_os] AndroidManifest.xml:30:13-83
	android:name
		ADDED from [:ffmpeg4android_os] AndroidManifest.xml:29:13-50
intent-filter#android.intent.action.MAIN
ADDED from [:ffmpeg4android_os] AndroidManifest.xml:33:13-35:29
activity#com.netcompss.ffmpeg4android_client.ShowFileAct
ADDED from [:ffmpeg4android_os] AndroidManifest.xml:37:9-41:20
	android:name
		ADDED from [:ffmpeg4android_os] AndroidManifest.xml:37:19-81